<?xml version="1.0" encoding="UTF-8"?>
<testng-results skipped="0" failed="0" total="1" passed="1">
  <reporter-output>
  </reporter-output>
  <suite name="Default suite" duration-ms="148996" started-at="2018-10-04T12:01:28Z" finished-at="2018-10-04T12:03:57Z">
    <groups>
    </groups>
    <test name="Default test" duration-ms="148996" started-at="2018-10-04T12:01:28Z" finished-at="2018-10-04T12:03:57Z">
      <class name="testsuite.BrokenLinks">
        <test-method status="PASS" signature="beforeMethod(java.lang.reflect.Method)[pri:0, instance:testsuite.BrokenLinks@6156496]" name="beforeMethod" is-config="true" duration-ms="13" started-at="2018-10-04T17:31:28Z" finished-at="2018-10-04T17:31:28Z">
          <params>
            <param index="0">
              <value>
                <![CDATA[public void testsuite.BrokenLinks.SmartTrackLogin() throws java.io.IOException,java.lang.InterruptedException]]>
              </value>
            </param>
          </params>
          <reporter-output>
          </reporter-output>
        </test-method> <!-- beforeMethod -->
        <test-method status="PASS" signature="SmartTrackLogin()[pri:0, instance:testsuite.BrokenLinks@6156496]" name="SmartTrackLogin" duration-ms="148682" started-at="2018-10-04T17:31:28Z" finished-at="2018-10-04T17:33:57Z">
          <reporter-output>
          </reporter-output>
        </test-method> <!-- SmartTrackLogin -->
        <test-method status="PASS" signature="afterMethod(org.testng.ITestResult)[pri:0, instance:testsuite.BrokenLinks@6156496]" name="afterMethod" is-config="true" duration-ms="1" started-at="2018-10-04T17:33:57Z" finished-at="2018-10-04T17:33:57Z">
          <params>
            <param index="0">
              <value>
                <![CDATA[[TestResult name=SmartTrackLogin status=SUCCESS method=BrokenLinks.SmartTrackLogin()[pri:0, instance:testsuite.BrokenLinks@6156496] output={null}]]]>
              </value>
            </param>
          </params>
          <reporter-output>
          </reporter-output>
        </test-method> <!-- afterMethod -->
        <test-method status="PASS" signature="endTest()[pri:0, instance:testsuite.BrokenLinks@6156496]" name="endTest" is-config="true" duration-ms="276" started-at="2018-10-04T17:33:57Z" finished-at="2018-10-04T17:33:57Z">
          <reporter-output>
          </reporter-output>
        </test-method> <!-- endTest -->
      </class> <!-- testsuite.BrokenLinks -->
    </test> <!-- Default test -->
  </suite> <!-- Default suite -->
</testng-results>
